f:\hidden\x64\debug\vc142.pdb
f:\hidden\x64\debug\vc142.idb
f:\hidden\x64\debug\target.obj
f:\hidden\x64\debug\player.obj
f:\hidden\x64\debug\mode.obj
f:\hidden\x64\debug\mingame3.obj
f:\hidden\x64\debug\gamezone.obj
f:\hidden\x64\debug\game.obj
f:\hidden\x64\debug\enmbullet.obj
f:\hidden\x64\debug\enemy.obj
f:\hidden\x64\debug\door.obj
f:\hidden\x64\debug\collision.obj
f:\hidden\x64\debug\enemy1.obj
f:\hidden\x64\debug\enemy2.obj
f:\hidden\x64\debug\enemy3.obj
f:\hidden\x64\debug\flashlight.obj
f:\hidden\x64\debug\success.obj
f:\hidden\x64\debug\successfail.obj
f:\hidden\x64\debug\title.obj
f:\hidden\x64\debug\fail.obj
f:\hidden\x64\debug\score.obj
f:\hidden\x64\debug\name.obj
f:\hidden\x64\debug\mingame3.exe
f:\hidden\x64\debug\mingame3.ilk
f:\hidden\x64\debug\mingame3.pdb
f:\hidden\x64\debug\advertise.obj
f:\hidden\x64\debug\input.obj
f:\hidden\x64\debug\result.obj
f:\hidden\x64\debug\collision.obj.enc
f:\hidden\x64\debug\enemy.obj.enc
f:\hidden\x64\debug\mingame3.tlog\cl.command.1.tlog
f:\hidden\x64\debug\mingame3.tlog\cl.read.1.tlog
f:\hidden\x64\debug\mingame3.tlog\cl.write.1.tlog
f:\hidden\x64\debug\mingame3.tlog\link.command.1.tlog
f:\hidden\x64\debug\mingame3.tlog\link.read.1.tlog
f:\hidden\x64\debug\mingame3.tlog\link.write.1.tlog
